DATE;PNL
20160905;24250.7380154
20160906;2918.99814549
20160907;33903.2178934
20160908;-6365.6685884
20160909;36963.7353962
20160912;99769.7911604
20160913;39820.7577391
20160914;45183.6461092
20160915;15296.1861903
20160916;-57558.1922441
20160919;62309.9874777
20160920;-36869.4562029
20160921;2048.50865645
20160922;-86573.3864921
20160923;6690.5487567
20160926;30118.1634518
20160927;2761.89935196
20160928;8815.81000361
20160929;38260.1835289
20160930;15532.8181143
20161003;1171.4443703
20161004;-34755.4992794
20161005;96881.3927197
20161006;27889.0741113
20161007;59037.0391559
20161010;46587.010239
20161011;7084.87780136
20161012;21919.717719
20161013;29632.9714255
20161014;-23375.0905632
20161015;0.0
20161016;0.0
20161017;102891.433199
20161018;27677.8881644
20161019;-41383.8934244
20161020;46869.1065863
20161021;53390.919315
20161024;-5517.66479205
20161025;23659.7963172
20161026;-95298.3421964
20161027;16313.4305588
20161028;-2021.34506682
20161031;11014.394009
20161101;-4086.06901957
20161102;27918.5783535
20161103;-2275.08981116
20161104;18444.9325468
20161107;29077.0982421
20161108;16896.2195221
20161109;-194019.508687
20161110;-21422.1523186
20161111;128056.032975
20161114;51123.3038361
20161115;-1460.36280766
20161116;86764.3155934
20161117;75728.4248816
20161118;27085.2294657
20161121;-15606.9997537
20161122;285.231916267
20161123;-73427.2224589
20161124;36751.348015
20161125;1447.95152053
20161128;-122421.913844
20161129;-15755.1766986
20161130;17301.3130717
20161201;-26245.3110449
20161202;98349.783814
20161205;72657.5854802
20161206;-6967.66095856
20161207;186369.825101
20161208;181389.850147
20161209;-170440.366023
20161212;6171.09403487
20161213;-16858.7028656
20161214;-52912.126352
20161215;-208712.986801
20161216;58929.4575739
20161219;-48562.5541095
20161220;2797.18829793
20161221;75622.4983182
20161222;-15793.1493967
20161223;-12842.2301485
20161227;-176426.232234
20161228;46115.1920403
20161229;24922.3639597
20161230;-83504.7572039
20170102;-110.594001102
20170103;-85385.0496166
20170104;26502.8004547
20170105;35891.6075822
20170106;15502.1034504
20170109;-15246.670076
20170110;9641.17634502
20170111;45425.202145
20170112;24962.7583993
20170113;62030.734801
20170116;172378.489386
20170117;-60735.6767771
20170118;17500.309516
20170119;133263.191104
20170120;112063.97644
20170123;55525.8452438
20170124;70613.8674842
20170125;56728.6373599
20170126;-57946.7334578
20170127;94205.5365575
20170130;-143321.604656
20170131;53489.6388244
20170201;46271.5589727
20170202;97632.9362218
20170203;63474.2239113
20170206;-119804.257975
20170207;-4757.73221394
20170208;15507.7838789
20170209;-39467.5237512
20170210;-1261.82741659
20170213;-3621.18107787
20170214;72012.0739076
20170215;32516.6787591
20170216;11664.5126622
20170217;-28923.6016646
20170220;4177.34111326
20170221;48410.2744337
20170222;166133.336396
20170223;80930.6185136
20170224;25065.5921205
20170227;5444.94094696
20170228;20048.6348563
20170301;160052.554534
20170302;3990.3369548
20170303;62635.0151728
20170306;-147496.12747
20170307;-569.097973195
20170308;-14415.1896526
20170309;35961.1934109
20170310;138828.379519
20170313;-45850.8755547
20170314;2660.25110217
20170315;80545.7396807
20170316;-40061.1819662
20170317;77327.2320188
20170320;47198.844099
20170321;54327.3242935
20170322;63517.6216984
20170323;23520.1729954
20170324;33151.5251033
20170327;-50902.3805615
20170328;8976.18358558
20170329;-14429.3032353
20170330;-18548.8201786
20170331;68967.7386619
20170403;77796.1635057
20170404;-24470.2502436
20170405;121436.830248
20170406;-21217.8954023
20170407;138913.347869
20170410;58239.4379618
20170411;18690.8403296
20170412;38901.936382
20170413;41346.4213182
20170414;0.0
20170417;-9.85800007581
20170418;-179088.370618
20170419;66525.3984705
20170420;25509.8105318
20170421;-47321.1445293
20170424;-34377.5630657
20170425;-68948.9128086
20170426;63084.528936
20170427;18383.8003284
20170428;126446.585653
20170502;-2521.16883675
20170503;-28151.801418
20170504;-43276.772418
20170505;64678.1395148
20170508;125943.896353
20170509;-20695.3223089
20170510;34826.012289
20170511;12429.3668905
20170512;684.1002281
20170515;11450.5528728
20170516;-19827.7316352
20170517;30373.5561595
20170518;51940.6380683
20170519;-53819.5969605
20170522;6624.48140966
20170523;64075.4817688
20170524;-61779.4161919
20170525;49030.111655
20170526;-18343.9168909
20170529;19425.1424902
20170530;56810.0015157
20170531;-30605.6288363
20170601;6614.97392879
20170602;12851.9785308
20170605;-24246.8969645
20170606;2351.81374478
20170607;66371.9852701
20170608;-35329.4250704
20170609;-135170.490852
20170612;-14665.3809693
20170613;4814.51588958
20170614;-3794.77679387
20170615;-61670.7295483
20170616;-41379.3859497
20170619;-5812.70748769
20170620;67480.642076
20170621;-8670.53812295
20170622;25861.4616306
20170623;-11893.8308056
20170626;-16442.2005939
20170627;47934.0569724
20170628;3473.92616081
20170629;-786.981634301
20170630;62088.9859592
20170703;50763.329337
20170704;17645.5707931
20170705;12663.6946142
20170706;-10269.3318405
20170707;19670.7141744
20170710;11776.8756073
20170711;3658.43994598
20170712;13929.8447446
20170713;53196.9333299
20170714;13373.4516892
20170717;-12558.7233972
20170718;-26059.8250015
20170719;-3526.7696433
20170720;35188.8913813
20170721;11183.7870615
20170724;-15986.5323933
20170725;-18266.7277948
20170726;30969.1940229
20170727;-23019.7692368
20170728;39108.8101314
20170731;4159.87145042
20170801;-2144.20017577
20170802;-13288.7288708
20170803;22832.46986
20170804;12752.0299369
20170807;-2758.56118183
20170808;3241.83428497
20170809;12030.9935837
20170810;4927.87559361
20170811;-2999.39189949
20170814;5149.99515038
20170816;-1563.90207634
20170817;-231.107885885
20170818;1700.3184433
20170821;2263.07883949
20170822;1164.34250326
20170823;-5799.51685753
20170824;1984.18336115
20170825;333.252018929
