20120104
20120105
20120106
20120109
20120110
20120111
20120112
20120113
20120116
20120117
20120118
20120119
20120120
20120123
20120124
20120125
20120126
20120127
20120130
20120131
20120201
20120202
20120203
20120206
20120207
20120208
20120209
20120210
20120213
20120214
20120215
20120216
20120217
20120220
20120221
20120222
20120223
20120224
20120227
20120228
20120229
20120301
20120302
20120305
20120306
20120307
20120308
20120309
20120312
20120313
20120314
20120315
20120316
20120319
20120320
20120321
20120322
20120323
20120326
20120327
20120328
20120329
20120330
20120402
20120403
20120404
20120405
20120406
20120409
20120410
20120411
20120412
20120413
20120416
20120417
20120418
20120419
20120420
20120423
20120424
20120425
20120426
20120427
20120430
20120501
20120502
20120503
20120504
20120507
20120508
20120509
20120510
20120511
20120514
20120515
20120516
20120517
20120518
20120521
20120522
20120523
20120524
20120525
20120528
20120529
20120530
20120531
20120601
20120604
20120605
20120606
20120607
20120608
20120611
20120612
20120613
20120614
20120615
20120618
20120619
20120620
20120621
20120622
20120625
20120626
20120627
20120628
20120629
20120702
20120703
20120704
20120705
20120706
20120709
20120710
20120711
20120712
20120713
20120716
20120717
20120718
20120719
20120720
20120723
20120724
20120725
20120726
20120727
20120730
20120731
20120801
20120802
20120803
20120806
20120807
20120808
20120809
20120810
20120813
20120814
20120815
20120816
20120817
20120820
20120821
20120822
20120823
20120824
20120827
20120828
20120829
20120830
20120831
20120903
20120904
20120905
20120906
20120907
20120910
20120911
20120912
20120913
20120914
20120917
20120918
20120919
20120920
20120921
20120924
20120925
20120926
20120927
20120928
20121001
20121002
20121003
20121004
20121005
20121008
20121009
20121010
20121011
20121012
20121010
20121011
20121012
20121015
20121016
20121017
20121018
20121019
20121022
20121023
20121024
20121025
20121026
20121029
20121030
20121031
20121101
20121102
20121105
20121106
20121107
20121108
20121109
20121112
20121113
20121114
20121115
20121116
20121119
20121120
20121121
20121122
20121123
20121126
20121127
20121128
20121129
20121130
20121203
20121204
20121205
20121206
20121207
20121210
20121211
20121212
20121213
20121214
20121217
20121218
20121219
20121220
20121221
20121227
20121228
20130102
20130103
20130104
20130107
20130108
20130109
20130110
20130111
20130114
20130115
20130116
20130117
20130118
20130121
20130122
20130123
20130124
20130125
20130128
20130129
20130130
20130131
20130201
20130204
20130205
20130206
20130207
20130208
20130211
20130212
20130213
20130214
20130215
20130218
20130219
20130220
20130221
20130222
20130225
20130226
20130227
20130228
20130301
20130304
20130305
20130306
20130307
20130308
20130311
20130312
20130313
20130314
20130315
20130318
20130319
20130320
20130321
20130322
20130325
20130326
20130327
20130328
20130329
20130401
20130402
20130403
20130405
20130408
20130409
20130410
20130411
20130412
20130415
20130416
20130417
20130418
20130419
20130422
20130423
20130424
20130425
20130426
20130429
20130430
20130501
20130502
20130503
20130506
20130507
20130508
20130509
20130510
20130513
20130514
20130515
20130516
20130517
20130520
20130521
20130522
20130523
20130524
20130527
20130528
20130529
20130530
20130531
20130603
20130604
20130605
20130606
20130607
20130610
20130611
20130612
20130613
20130614
20130617
20130618
20130619
20130620
20130621
20130624
20130625
20130626
20130627
20130628
20130701
20130702
20130703
20130704
20130705
20130708
20130709
20130710
20130711
20130712
20130715
20130716
20130718
20130719
20130722
20130723
20130724
20130725
20130726
20130729
20130730
20130731
20130801
20130802
20130805
20130806
20130807
20130808
20130809
20130812
20130813
20130814
20130815
20130816
20130819
20130820
20130821
20130822
20130823
20130826
20130827
20130828
20130829
20130830
20130902
20130903
20130904
20130905
20130906
20130909
20130910
20130911
20130912
20130913
20130916
20130917
20130918
20130919
20130920
20130923
20130924
20130925
20130926
20130927
20130930
20131001
20131002
20131003
20131004
20131007
20131008
20131009
20131011
20131014
20131015
20131016
20131017
20131018
20131021
20131022
20131023
20131024
20131025
20131028
20131029
20131030
20131031
20131101
20131104
20131105
20131106
20131107
20131108
20131111
20131112
20131113
20131114
20131115
20131118
20131119
20131120
20131121
20131122
20131125
20131126
20131127
20131128
20131129
20131202
20131203
20131204
20131205
20131206
20131209
20131210
20131211
20131212
20131213
20131216
20131217
20131218
20131219
20131220
20131223
20131227
20131230
20140102
20140103
20140106
20140107
20140108
20140109
20140110
20140113
20140114
20140115
20140116
20140117
20140120
20140121
20140122
20140123
20140124
20140127
20140128
20140129
20140130
20140131
20140203
20140204
20140205
20140206
20140207
20140210
20140211
20140212
20140213
20140214
20140217
20140218
20140219
20140220
20140221
