20200101
20200102
20200103
20200106
20200107
20200108
20200109
20200110
20200113
20200114
20200115
20200116
20200117
20200120
20200121
20200122
20200123
20200124
20200127
20200128
20200129
20200130
20200131
20200203
20200204
20200205
20200206
20200207
20200210
20200211
20200212
20200213
20200214
20200217
20200218
20200219
20200220
20200221
20200224
20200225
20200226
20200227
20200228
20200302
20200303
20200304
20200305
20200306
20200309
20200310
20200311
20200312
20200313
20200316
20200317
20200318
20200319
20200320
20200323
20200324
20200325
20200326
20200327
20200330
20200331
20200401
20200402
20200403
20200406
20200407
20200408
20200409
20200413
20200414
20200415
20200416
20200417
20200420
20200421
20200422
20200423
20200424
20200427
20200428
20200429
20200430
20200501
20200504
20200505
20200506
20200507
20200508
20200511
20200512
20200513
20200514
20200515
20200518
20200519
20200520
20200521
20200522
20200525
20200526
20200527
20200528
20200529
20200601
20200602
20200603
20200604
20200605
20200608
20200609
20200610
20200611
20200612
20200615
20200616
20200617
20200618
20200619
20200622
20200623
20200624
20200625
20200626
20200629
20200630
20200701
20200702
20200703
20200706
20200707
20200708
20200709
20200710
20200713
20200714
20200715
20200716
20200717
20200720
20200721
20200722
20200723
20200724
20200727
20200728
20200729
20200730
20200731
20200803
20200804
20200805
20200806
20200807
20200810
20200811
20200812
20200813
20200814
20200817
20200818
20200819
20200820
20200821
20200824
20200825
20200826
20200827
20200828
20200831
20200901
20200902
20200903
20200904
20200907
20200908
20200909
20200910
20200911
20200914
20200915
20200916
20200917
20200918
20200921
20200922
20200923
20200924
20200925
20200928
20200929
20200930
20201001
20201002
20201005
20201006
20201007
20201008
20201009
20201012
20201013
20201014
20201015
20201016
20201019
20201020
20201021
20201022
20201023
20201026
20201027
20201028
20201029
20201030
20201102
20201103
20201104
20201105
20201106
20201109
20201110
20201111
20201112
20201113
20201116
20201117
20201118
20201119
20201120
20201123
20201124
20201125
20201126
20201127
20201130
20201201
20201202
20201203
20201204
20201207
20201208
20201209
20201210
20201211
20201214
20201215
20201216
20201217
20201218
20201221
20201222
20201223
20201224
20201225
20201228
20201229
20201230
20201231
20210101
20210104
20210105
20210106
20210107
20210108
20210111
20210112
20210113
20210114
20210115
20210118
20210119
20210120
20210121
20210122
20210125
20210126
20210127
20210128
20210129
20210201
20210202
20210203
20210204
20210205
20210208
20210209
20210210
20210211
20210212
20210215
20210216
20210217
20210218
20210219
20210222
20210223
20210224
20210225
20210226
20210301
20210302
20210303
20210304
20210305
20210308
20210309
20210310
20210311
20210312
20210315
20210316
20210317
20210318
20210319
20210322
20210323
20210324
20210325
20210326
20210329
20210330
20210331
20210401
20210402
20210405
20210406
20210407
20210408
20210409
20210412
20210413
20210414
20210415
20210416
20210419
20210420
20210421
20210422
20210423
20210426
20210427
20210428
20210429
20210430
20210503
20210504
20210505
20210506
20210507
20210510
20210511
20210512
20210513
20210514
20210517
20210518
20210519
20210520
20210521
20210524
20210525
20210526
20210527
20210528
20210531
20210601
20210602
20210603
20210604
20210607
20210608
20210609
20210610
20210611
20210614
20210615
20210616
20210617
20210618
20210621
20210622
20210623
20210624
20210625
20210628
20210629
20210630
20210701
20210702
20210705
20210706
20210707
20210708
20210709
20210712
20210713
20210714
20210715
20210716
20210719
20210720
20210721
20210722
20210723
20210726
20210727
20210728
20210729
20210730
20210802
20210803
20210804
20210805
20210806
20210809
20210810
20210811
20210812
20210813
20210816
20210817
20210818
20210819
20210820
20210823
20210824
20210825
20210826
20210827
20210830
20210831
20210901
20210902
20210903
20210906
20210907
20210908
20210909
20210910
20210913
20210914
20210915
20210916
20210917
20210920
20210921
20210922
20210923
20210924
20210927
20210928
20210929
20210930
20211001
20211004
20211005
20211006
20211007
20211008
20211011
20211012
20211013
20211014
20211015
20211018
20211019
20211020
20211021
20211022
20211025
20211026
20211027
20211028
20211029
20211101
20211102
20211103
20211104
20211105
20211108
20211109
20211110
20211111
20211115
20211116
20211117
20211118
20211119
20211122
20211123
20211124
20211125
20211126
20211129
20211130
20211201
20211202
20211203
20211206
20211207
20211208
20211209
20211210
20211213
20211214
20211215
20211216
20211217
20211220
20211221
20211222
20211223
20211224
20211227
20211228
20211229
20211230
20211231
20220103
20220104
20220105
20220106
20220107
20220110
20220111
20220112
20220113
20220115
20220117
20220118
20220119
20220120
20220121
20220124
20220125
20220126
20220127
20220128
20220131
20220201
20220202
20220203
20220204
20220207
20220208
20220209
20220210
20220211
20220214
20220215
20220216
20220217
20220218
20220221
20220222
20220223
20220224
20220225
20220228
20220301
20220302
20220303
20220304
20220307
20220308
20220309
20220310
20220311
20220314
20220315
20220316
20220317
20220318
20220321
20220322
20220323
20220324
20220325
20220328
20220329
20220330
20220331
20220401
20220404
20220405
20220406
20220407
20220408
20220411
20220412
20220413
20220414
20220415
20220418
20220419
20220420
20220421
20220422
20220425
20220426
20220427
20220428
20220429
20220502
20220503
20220504
20220505
20220506
20220509
20220510
20220511
20220512
20220513
20220516
20220517
20220518
20220519
20220520
20220523
20220524
20220525
20220526
20220527
20220530
20220531
20220601
20220602
20220603
20220606
20220607
20220608
20220609
20220610
20220613
20220614
20220615
20220616
20220617
20220620
20220621
20220622
20220623
20220624
20220627
20220628
20220629
20220630
20220701
20220704
20220705
20220706
20220707
20220708
20220711
20220712
20220713
20220714
20220715
20220718
20220719
20220720
20220721
20220722
20220725
20220726
20220727
20220728
20220729
20220801
20220802
20220803
20220804
20220805
20220808
20220809
20220810
20220811
20220812
20220815
20220816
20220817
20220818
20220819
20220822
20220823
20220824
20220825
20220826
20220829
20220830
20220831
20220901
20220902
20220905
20220906
20220907
20220908
20220909
20220912
20220913
20220914
20220915
20220916
20220919
20220920
20220921
20220922
20220923
20220926
20220927
20220928
20220929
20220930
20221003
20221004
20221005
20221006
20221007
20221010
20221011
20221012
20221013
